2015-10-23 17:46:03:029.1 pid:11558 [INFO] (<module>) Algorithm start...
2015-10-23 19:04:59:146.7 pid:34209 [INFO] (run) user_pos match starting...
2015-10-23 19:08:55:664.3 pid:35424 [INFO] (run) user_pos matching starting...
2015-10-31 13:12:56:119.9 pid:7417 [INFO] (run) user_pos matching starting...
2015-10-31 13:12:56:120.3 pid:7417 [INFO] (run) Training star...
2015-10-31 13:14:45:250.8 pid:7507 [INFO] (run) user_pos matching starting...
2015-10-31 13:14:45:251.3 pid:7507 [INFO] (run) Training star...
2015-10-31 13:28:49:054.9 pid:8207 [INFO] (run) user_pos matching starting...
2015-10-31 13:28:49:055.2 pid:8207 [INFO] (run) Training star...
2015-10-31 15:04:10:721.1 pid:12376 [INFO] (run) user_pos matching starting...
2015-10-31 15:04:10:721.4 pid:12376 [INFO] (run) Training star...
2015-10-31 15:11:57:064.0 pid:12815 [INFO] (run) user_pos matching starting...
2015-10-31 15:11:57:064.3 pid:12815 [INFO] (run) Training star...
2015-10-31 15:12:47:485.6 pid:12839 [INFO] (run) user_pos matching starting...
2015-10-31 15:12:47:486.0 pid:12839 [INFO] (run) Training star...
2015-10-31 15:15:55:936.2 pid:12932 [INFO] (run) user_pos matching starting...
2015-10-31 15:15:55:936.5 pid:12932 [INFO] (run) Training star...
2015-10-31 15:16:20:213.0 pid:12945 [INFO] (run) user_pos matching starting...
2015-10-31 15:16:20:213.3 pid:12945 [INFO] (run) Training star...
2015-10-31 15:16:49:375.5 pid:12962 [INFO] (run) user_pos matching starting...
2015-10-31 15:16:49:375.8 pid:12962 [INFO] (run) Training star...
2015-10-31 15:18:18:902.6 pid:13000 [INFO] (run) user_pos matching starting...
2015-10-31 15:18:18:903.1 pid:13000 [INFO] (run) Training star...
2015-10-31 15:18:27:015.7 pid:13009 [INFO] (run) user_pos matching starting...
2015-10-31 15:18:27:016.0 pid:13009 [INFO] (run) Training star...
2015-10-31 15:18:47:824.5 pid:13023 [INFO] (run) user_pos matching starting...
2015-10-31 15:18:47:824.9 pid:13023 [INFO] (run) Training star...
2015-10-31 15:19:07:720.8 pid:13035 [INFO] (run) user_pos matching starting...
2015-10-31 15:19:07:721.1 pid:13035 [INFO] (run) Training star...
2015-11-02 18:04:52:830.0 pid:6003 [INFO] (run_decision_tree) Decision_tree starting...
2015-11-02 18:04:52:837.6 pid:6003 [INFO] (run_decision_tree) Training star...
2015-11-02 18:04:52:880.2 pid:6003 [INFO] (run_decision_tree) Training finished.
2015-11-02 18:04:52:880.4 pid:6003 [INFO] (run_decision_tree) Creating image dot...
2015-11-02 18:04:52:928.6 pid:6003 [INFO] (run_decision_tree) Performance test starting...
2015-11-02 18:04:52:932.3 pid:6003 [INFO] (run_decision_tree) Accurate rate = 0.08
2015-11-02 18:04:55:992.4 pid:6006 [INFO] (run_decision_tree) Decision_tree starting...
2015-11-02 18:04:55:992.7 pid:6006 [INFO] (run_decision_tree) Training star...
2015-11-02 18:04:56:009.8 pid:6006 [INFO] (run_decision_tree) Training finished.
2015-11-02 18:04:56:010.0 pid:6006 [INFO] (run_decision_tree) Creating image dot...
2015-11-02 18:04:56:058.8 pid:6006 [INFO] (run_decision_tree) Performance test starting...
2015-11-02 18:04:56:062.0 pid:6006 [INFO] (run_decision_tree) Accurate rate = 0.1
2015-11-02 18:04:58:616.4 pid:6007 [INFO] (run_decision_tree) Decision_tree starting...
2015-11-02 18:04:58:616.9 pid:6007 [INFO] (run_decision_tree) Training star...
2015-11-02 18:04:58:634.8 pid:6007 [INFO] (run_decision_tree) Training finished.
2015-11-02 18:04:58:635.0 pid:6007 [INFO] (run_decision_tree) Creating image dot...
2015-11-02 18:04:58:681.1 pid:6007 [INFO] (run_decision_tree) Performance test starting...
2015-11-02 18:04:58:684.3 pid:6007 [INFO] (run_decision_tree) Accurate rate = 0.12
2015-11-02 18:05:00:497.2 pid:6009 [INFO] (run_decision_tree) Decision_tree starting...
2015-11-02 18:05:00:497.6 pid:6009 [INFO] (run_decision_tree) Training star...
2015-11-02 18:05:00:516.4 pid:6009 [INFO] (run_decision_tree) Training finished.
2015-11-02 18:05:00:516.6 pid:6009 [INFO] (run_decision_tree) Creating image dot...
2015-11-02 18:05:00:565.3 pid:6009 [INFO] (run_decision_tree) Performance test starting...
2015-11-02 18:05:00:568.7 pid:6009 [INFO] (run_decision_tree) Accurate rate = 0.12
2015-11-02 18:05:02:169.7 pid:6011 [INFO] (run_decision_tree) Decision_tree starting...
2015-11-02 18:05:02:170.2 pid:6011 [INFO] (run_decision_tree) Training star...
2015-11-02 18:05:02:186.9 pid:6011 [INFO] (run_decision_tree) Training finished.
2015-11-02 18:05:02:187.1 pid:6011 [INFO] (run_decision_tree) Creating image dot...
2015-11-02 18:05:02:235.9 pid:6011 [INFO] (run_decision_tree) Performance test starting...
2015-11-02 18:05:02:239.5 pid:6011 [INFO] (run_decision_tree) Accurate rate = 0.1
